<?xml version="1.0" encoding="UTF-8"?>
<!-- Generated by org.testng.reporters.JUnitReportReporter -->
<testsuite hostname="FIMBAPATLA" failures="0" tests="3" name="tests.AmazonSearchTest" time="22.655" errors="0" timestamp="2025-06-14T23:48:43 IST" skipped="0">
  <testcase classname="tests.AmazonSearchTest" name="testSearchAndClickProduct" time="7.612"/>
  <testcase classname="tests.AmazonSearchTest" name="testSearchAndClickProduct" time="6.062"/>
  <testcase classname="tests.AmazonSearchTest" name="testSearchAndClickProduct" time="8.981"/>
</testsuite> <!-- tests.AmazonSearchTest -->
