<?xml version="1.0" encoding="UTF-8"?>
<!-- Generated by org.testng.reporters.JUnitReportReporter -->
<testsuite hostname="FIMBAPATLA" failures="0" tests="3" name="tests.AmazonCartTest" time="29.369" errors="0" timestamp="2025-06-14T23:48:43 IST" skipped="0">
  <testcase classname="tests.AmazonCartTest" name="addToCartAndProceed" time="9.747"/>
  <testcase classname="tests.AmazonCartTest" name="addToCartAndProceed" time="9.366"/>
  <testcase classname="tests.AmazonCartTest" name="addToCartAndProceed" time="10.256"/>
</testsuite> <!-- tests.AmazonCartTest -->
