<?xml version="1.0" encoding="UTF-8"?>
<!-- Generated by org.testng.reporters.JUnitReportReporter -->
<testsuite hostname="FIMBAPATLA" failures="0" tests="3" name="tests.AmazonLoginpageTest" time="25.542" errors="0" timestamp="2025-06-14T23:48:43 IST" skipped="0">
  <testcase classname="tests.AmazonLoginpageTest" name="logintest" time="9.069"/>
  <testcase classname="tests.AmazonLoginpageTest" name="logintest" time="5.397"/>
  <testcase classname="tests.AmazonLoginpageTest" name="logintest" time="11.076"/>
</testsuite> <!-- tests.AmazonLoginpageTest -->
