<?xml version="1.0" encoding="UTF-8"?>
<!-- Generated by org.testng.reporters.JUnitReportReporter -->
<testsuite hostname="FIMBAPATLA" failures="0" tests="1" name="tests.AmazonSearchTest" time="5.306" errors="0" timestamp="2025-06-13T16:38:58 IST" skipped="0">
  <testcase classname="tests.AmazonSearchTest" name="testSearchAndClickProduct" time="5.306"/>
</testsuite> <!-- tests.AmazonSearchTest -->
