<?xml version="1.0" encoding="UTF-8"?>
<!-- Generated by org.testng.reporters.JUnitReportReporter -->
<testsuite hostname="FIMBAPATLA" failures="0" tests="1" name="tests.AmazonLoginpageTest" time="3.409" errors="0" timestamp="2025-06-13T17:38:22 IST" skipped="0">
  <testcase classname="tests.AmazonLoginpageTest" name="logintest" time="3.409"/>
</testsuite> <!-- tests.AmazonLoginpageTest -->
